2024-12-15 17:17:56 - User login attempt with username: user229
2024-12-15 17:18:25 - User login attempt with username: user229
2024-12-15 17:18:55 - User login attempt with username: user228
2024-12-15 17:21:18 - User login attempt with username: user228
2024-12-15 17:48:06 - User login attempt with username: user228
2024-12-15 18:18:32 - User login attempt with username: user228
2024-12-15 18:26:46 - User login attempt with username: user228
2024-12-15 18:30:11 - User login attempt with username: lordofprop1
2024-12-15 18:31:19 - User login attempt with username: user228
2024-12-15 18:32:28 - User login attempt with username: lordofprop1
2024-12-15 18:33:31 - User login attempt with username: user228
2024-12-15 18:40:13 - User login attempt with username: user228
2024-12-15 18:54:40 - User login attempt with username: user228
2024-12-15 18:54:55 - Registering new user: com.myproj.course.model.Users@37ee37d9
2024-12-15 18:55:35 - Registering new user: com.myproj.course.model.Users@5d11b27e
2024-12-15 18:55:43 - Registering new user: com.myproj.course.model.Users@7b8c47e6
2024-12-15 18:55:49 - Registering new user: com.myproj.course.model.Users@5b734d4f
2024-12-15 18:55:55 - Registering new user: com.myproj.course.model.Users@56ea3dc8
2024-12-15 18:56:05 - Registering new user: com.myproj.course.model.Users@467d6837
2024-12-15 18:56:33 - Registering new user: com.myproj.course.model.Users@53f1e6b0
2024-12-15 18:57:22 - Registering new user: com.myproj.course.model.Users@74ad0e26
2024-12-15 18:57:31 - User login attempt with username: user2299
2024-12-15 18:58:51 - User login attempt with username: user2299
2024-12-15 18:58:56 - User login attempt with username: user229
2024-12-15 18:59:00 - User login attempt with username: user228
2024-12-15 18:59:24 - User login attempt with username: lordofprop1
2024-12-15 19:02:30 - User login attempt with username: user228
2024-12-15 19:02:51 - Updating user with ID: 2
2024-12-15 19:09:54 - User login attempt with username: user228
2024-12-15 19:09:59 - User login attempt with username: user228
2024-12-15 19:10:14 - User login attempt with username: user229
2024-12-15 19:10:55 - User login attempt with username: user229
2024-12-15 19:11:13 - User login attempt with username: user229
2024-12-15 19:13:25 - User login attempt with username: lordofprop1
2024-12-15 19:13:35 - User login attempt with username: us2
2024-12-15 19:13:58 - Updating user with ID: 3
2024-12-15 19:14:32 - Updating user with ID: 3
2024-12-15 19:14:38 - Updating user with ID: 3
2024-12-15 19:14:43 - Updating user with ID: 3
2024-12-15 19:14:59 - User login attempt with username: lordofprop1
2024-12-15 19:15:09 - Updating user with ID: 1
2024-12-15 19:15:14 - Updating user with ID: 1
2024-12-15 19:22:26 - User login attempt with username: lordofprop1
2024-12-15 19:22:40 - Updating user with ID: 1
2024-12-15 19:22:46 - Updating user with ID: 1
2024-12-15 19:23:27 - User login attempt with username: lordofprop12
2024-12-15 19:31:31 - User login attempt with username: lordofprop12
2024-12-15 19:43:11 - User login attempt with username: us2
2024-12-15 19:43:20 - User login attempt with username: user230
2024-12-15 19:43:50 - User login attempt with username: user230
2024-12-15 19:44:15 - User login attempt with username: lordofprop12
2024-12-15 19:57:58 - User login attempt with username: lordofprop12
2024-12-15 20:08:23 - User login attempt with username: user230
2024-12-15 20:09:34 - User login attempt with username: lordofprop12
2024-12-15 20:10:04 - User login attempt with username: lordofprop12
2024-12-15 20:20:11 - User login attempt with username: user230
2024-12-15 21:32:48 - User login attempt with username: lordofprop12
2024-12-15 21:38:48 - User login attempt with username: user230
2024-12-15 21:39:36 - User login attempt with username: lordofprop12
2024-12-15 21:40:22 - User login attempt with username: lordofprop12
2024-12-15 21:40:31 - User login attempt with username: user230
2024-12-15 21:41:03 - User login attempt with username: lordofprop12
2024-12-15 21:46:54 - User login attempt with username: lordofprop12
2024-12-15 21:46:57 - User login attempt with username: lordofprop12
2024-12-15 21:59:11 - User login attempt with username: lordofprop12
2024-12-15 22:00:29 - User login attempt with username: lordofprop12
2024-12-15 22:02:14 - User login attempt with username: lordofprop12
2024-12-15 22:15:59 - User login attempt with username: lordofprop12
2024-12-15 22:16:10 - User login attempt with username: user229
2024-12-15 22:16:17 - User login attempt with username: user230
2024-12-15 22:16:26 - Updating user with ID: 3
2024-12-15 22:16:32 - User login attempt with username: user230
2024-12-15 22:16:41 - User login attempt with username: lordofprop12
2024-12-15 22:16:56 - User login attempt with username: lordofprop12
